[debug] [2020-04-01T08:11:33.908Z] ----------------------------------------------------------------------
[debug] [2020-04-01T08:11:33.911Z] Command:       /usr/local/bin/node /usr/local/bin/firebase deploy --only functions --debug
[debug] [2020-04-01T08:11:33.911Z] CLI Version:   7.16.1
[debug] [2020-04-01T08:11:33.911Z] Platform:      linux
[debug] [2020-04-01T08:11:33.912Z] Node Version:  v12.16.1
[debug] [2020-04-01T08:11:33.912Z] Time:          Wed Apr 01 2020 14:11:33 GMT+0600 (Bangladesh Standard Time)
[debug] [2020-04-01T08:11:33.912Z] ----------------------------------------------------------------------
[debug] [2020-04-01T08:11:33.913Z] 
[debug] [2020-04-01T08:11:33.922Z] > command requires scopes: ["email","openid","https://www.googleapis.com/auth/cloudplatformprojects.readonly","https://www.googleapis.com/auth/firebase","https://www.googleapis.com/auth/cloud-platform"]
[debug] [2020-04-01T08:11:33.923Z] > authorizing via signed-in user
[debug] [2020-04-01T08:11:33.923Z] [iam] checking project react-redux-c02aa for permissions ["cloudfunctions.functions.create","cloudfunctions.functions.delete","cloudfunctions.functions.get","cloudfunctions.functions.list","cloudfunctions.functions.update","cloudfunctions.operations.get","firebase.projects.get"]
[debug] [2020-04-01T08:11:33.927Z] > refreshing access token with scopes: ["email","https://www.googleapis.com/auth/cloud-platform","https://www.googleapis.com/auth/cloudplatformprojects.readonly","https://www.googleapis.com/auth/firebase","openid"]
[debug] [2020-04-01T08:11:33.928Z] >>> HTTP REQUEST POST https://www.googleapis.com/oauth2/v3/token  
 <request body omitted>
[debug] [2020-04-01T08:11:34.316Z] <<< HTTP RESPONSE 200
[debug] [2020-04-01T08:11:34.370Z] >>> HTTP REQUEST POST https://cloudresourcemanager.googleapis.com/v1/projects/react-redux-c02aa:testIamPermissions  

[debug] [2020-04-01T08:11:35.947Z] <<< HTTP RESPONSE 200
[info] 
[info] === Deploying to 'react-redux-c02aa'...
[info] 
[info] i  deploying functions
[debug] [2020-04-01T08:11:41.226Z] > [functions] package.json contents: {
  "name": "functions",
  "description": "Cloud Functions for Firebase",
  "scripts": {
    "serve": "firebase emulators:start --only functions",
    "shell": "firebase functions:shell",
    "start": "npm run shell",
    "deploy": "firebase deploy --only functions",
    "logs": "firebase functions:log"
  },
  "engines": {
    "node": "8"
  },
  "dependencies": {
    "firebase-admin": "^8.6.0",
    "firebase-functions": "^3.3.0"
  },
  "devDependencies": {
    "firebase-functions-test": "^0.1.6"
  },
  "private": true
}
[info] i  functions: ensuring necessary APIs are enabled...
[debug] [2020-04-01T08:11:41.228Z] >>> HTTP REQUEST GET https://serviceusage.googleapis.com/v1/projects/react-redux-c02aa/services/cloudfunctions.googleapis.com  
 
[debug] [2020-04-01T08:11:41.229Z] >>> HTTP REQUEST GET https://serviceusage.googleapis.com/v1/projects/react-redux-c02aa/services/runtimeconfig.googleapis.com  
 
[debug] [2020-04-01T08:11:43.324Z] <<< HTTP RESPONSE 200
[debug] [2020-04-01T08:11:43.429Z] <<< HTTP RESPONSE 200
[info] ✔  functions: all necessary APIs are enabled
[debug] [2020-04-01T08:11:43.432Z] >>> HTTP REQUEST GET https://firebase.googleapis.com/v1beta1/projects/react-redux-c02aa/adminSdkConfig  
 
[debug] [2020-04-01T08:11:43.968Z] <<< HTTP RESPONSE 200
[info] i  functions: preparing functions directory for uploading...
[debug] [2020-04-01T08:11:43.974Z] >>> HTTP REQUEST GET https://runtimeconfig.googleapis.com/v1beta1/projects/react-redux-c02aa/configs  
 
[debug] [2020-04-01T08:11:44.753Z] <<< HTTP RESPONSE 200
[info] i  functions: packaged functions (26.86 KB) for uploading
[debug] [2020-04-01T08:11:45.284Z] >>> HTTP REQUEST POST https://cloudfunctions.googleapis.com/v1/projects/react-redux-c02aa/locations/us-central1/functions:generateUploadUrl  
 
[debug] [2020-04-01T08:11:46.615Z] <<< HTTP RESPONSE 200
[debug] [2020-04-01T08:11:46.617Z] >>> HTTP REQUEST PUT https://storage.googleapis.com/gcf-upload-us-central1-18f621c7-bd4c-469d-9abe-a51e19a198eb/dc742404-8916-44da-8b04-e7b78bca3105.zip?GoogleAccessId=service-662703363063@gcf-admin-robot.iam.gserviceaccount.com&Expires=1585730506&Signature=q6Phqtne1Vk9DvscrutSfAa%2BXNIyQQu%2FPRkdCowt2wsecJyRN60CWMya0jf%2BZnBDXJrGugQkUJK1oi1E1rI7oEKtcHOwspTAn%2F8qH6BcwcRziuDvnXRKxq7pNTXIPL31PxoqFepgsJqJtL7kRkVBZnVVbB5ALNupTtudW1sylWs7H%2Fyn7nQ022PLpP0mE9s1gCIyf%2FGn%2FZDrBJpNkcb%2FHMjaAOgwi3vjf2n8nFe70YeOS%2BMAXmiQfE%2FUx04A37CgFx8DiYW%2Brys5iBCW%2FWhssuoyDcLRd4EVN5IfVUU3XOOnxGOojJ8%2FH5QZiVMYeLChwibkJid0NwFZpE2ORlWX5w%3D%3D  
 <request body omitted>
[warn] ⚠  functions: Upload Error: Server Error. read ECONNRESET
[debug] [2020-04-01T08:12:56.990Z] Error: read ECONNRESET
    at TLSWrap.onStreamRead (internal/stream_base_commons.js:205:27)
[error] 
[error] Error: Server Error. read ECONNRESET
[debug] [2020-04-01T08:57:25.315Z] ----------------------------------------------------------------------
[debug] [2020-04-01T08:57:25.319Z] Command:       /usr/local/bin/node /usr/local/bin/firebase deploy --only functions --debug
[debug] [2020-04-01T08:57:25.319Z] CLI Version:   7.16.1
[debug] [2020-04-01T08:57:25.319Z] Platform:      linux
[debug] [2020-04-01T08:57:25.319Z] Node Version:  v12.16.1
[debug] [2020-04-01T08:57:25.320Z] Time:          Wed Apr 01 2020 14:57:25 GMT+0600 (Bangladesh Standard Time)
[debug] [2020-04-01T08:57:25.320Z] ----------------------------------------------------------------------
[debug] [2020-04-01T08:57:25.320Z] 
[debug] [2020-04-01T08:57:25.327Z] > command requires scopes: ["email","openid","https://www.googleapis.com/auth/cloudplatformprojects.readonly","https://www.googleapis.com/auth/firebase","https://www.googleapis.com/auth/cloud-platform"]
[debug] [2020-04-01T08:57:25.327Z] > authorizing via signed-in user
[debug] [2020-04-01T08:57:25.328Z] [iam] checking project react-redux-c02aa for permissions ["cloudfunctions.functions.create","cloudfunctions.functions.delete","cloudfunctions.functions.get","cloudfunctions.functions.list","cloudfunctions.functions.update","cloudfunctions.operations.get","firebase.projects.get"]
[debug] [2020-04-01T08:57:25.332Z] > refreshing access token with scopes: ["email","https://www.googleapis.com/auth/cloud-platform","https://www.googleapis.com/auth/cloudplatformprojects.readonly","https://www.googleapis.com/auth/firebase","openid"]
[debug] [2020-04-01T08:57:25.332Z] >>> HTTP REQUEST POST https://www.googleapis.com/oauth2/v3/token  
 <request body omitted>
[debug] [2020-04-01T08:57:25.784Z] <<< HTTP RESPONSE 200
[debug] [2020-04-01T08:57:25.838Z] >>> HTTP REQUEST POST https://cloudresourcemanager.googleapis.com/v1/projects/react-redux-c02aa:testIamPermissions  

[debug] [2020-04-01T08:57:27.435Z] <<< HTTP RESPONSE 200
[info] 
[info] === Deploying to 'react-redux-c02aa'...
[info] 
[info] i  deploying functions
[debug] [2020-04-01T08:57:30.106Z] > [functions] package.json contents: {
  "name": "functions",
  "description": "Cloud Functions for Firebase",
  "scripts": {
    "serve": "firebase emulators:start --only functions",
    "shell": "firebase functions:shell",
    "start": "npm run shell",
    "deploy": "firebase deploy --only functions",
    "logs": "firebase functions:log"
  },
  "engines": {
    "node": "8"
  },
  "dependencies": {
    "firebase-admin": "^8.6.0",
    "firebase-functions": "^3.3.0"
  },
  "devDependencies": {
    "firebase-functions-test": "^0.1.6"
  },
  "private": true
}
[info] i  functions: ensuring necessary APIs are enabled...
[debug] [2020-04-01T08:57:30.107Z] >>> HTTP REQUEST GET https://serviceusage.googleapis.com/v1/projects/react-redux-c02aa/services/cloudfunctions.googleapis.com  
 
[debug] [2020-04-01T08:57:30.108Z] >>> HTTP REQUEST GET https://serviceusage.googleapis.com/v1/projects/react-redux-c02aa/services/runtimeconfig.googleapis.com  
 
[debug] [2020-04-01T08:57:32.021Z] <<< HTTP RESPONSE 200
[debug] [2020-04-01T08:57:32.064Z] <<< HTTP RESPONSE 200
[info] ✔  functions: all necessary APIs are enabled
[debug] [2020-04-01T08:57:32.066Z] >>> HTTP REQUEST GET https://firebase.googleapis.com/v1beta1/projects/react-redux-c02aa/adminSdkConfig  
 
[debug] [2020-04-01T08:57:32.625Z] <<< HTTP RESPONSE 200
[info] i  functions: preparing functions directory for uploading...
[debug] [2020-04-01T08:57:32.629Z] >>> HTTP REQUEST GET https://runtimeconfig.googleapis.com/v1beta1/projects/react-redux-c02aa/configs  
 
[debug] [2020-04-01T08:57:34.540Z] <<< HTTP RESPONSE 200
[info] i  functions: packaged functions (26.94 KB) for uploading
[debug] [2020-04-01T08:57:34.741Z] >>> HTTP REQUEST POST https://cloudfunctions.googleapis.com/v1/projects/react-redux-c02aa/locations/us-central1/functions:generateUploadUrl  
 
[debug] [2020-04-01T08:57:36.405Z] <<< HTTP RESPONSE 200
[debug] [2020-04-01T08:57:36.407Z] >>> HTTP REQUEST PUT https://storage.googleapis.com/gcf-upload-us-central1-18f621c7-bd4c-469d-9abe-a51e19a198eb/f0d76d6f-a674-4ed9-b7a2-e6a468ea06a6.zip?GoogleAccessId=service-662703363063@gcf-admin-robot.iam.gserviceaccount.com&Expires=1585733256&Signature=Ajj%2B%2BLEjaM4JwFf%2F5vecYCffCGrTBBtduHsXWNEX%2FIEMHVnJ78zxka6nVEnKJY%2BRUblIrPz9jwZ%2FYRdZ3qEjS1sIJx4GCDX5MNNGqFhifw4OmGN5ZOdBTTIr7RnRBjlZK4xfP68golH8eKVYhf%2BX%2B5TjWGsMJvZFxEEClsfjpiftxxcryAQRXyUT26lztKteFyxhkmetpvoAG26nfU15EKN%2BXuSnZDMU1uVk5mO8%2F8KoHFSCja2Qf2QqJOyuKF8%2FGdVyTp%2FP4sWnMuBoAg2KxCjkjsMgg7v%2BSnk6%2BZT2fplMV%2B%2FPD8Ve1JyRlSMS8UA5c3erEB6KDff0A71FYnZOCA%3D%3D  
 <request body omitted>
[warn] ⚠  functions: Upload Error: Server Error. read ECONNRESET
[debug] [2020-04-01T08:58:58.330Z] Error: read ECONNRESET
    at TLSWrap.onStreamRead (internal/stream_base_commons.js:205:27)
[error] 
[error] Error: Server Error. read ECONNRESET
[debug] [2020-04-01T09:03:40.424Z] ----------------------------------------------------------------------
[debug] [2020-04-01T09:03:40.427Z] Command:       /usr/local/bin/node /usr/local/bin/firebase deploy --only functions --debug
[debug] [2020-04-01T09:03:40.428Z] CLI Version:   7.16.1
[debug] [2020-04-01T09:03:40.428Z] Platform:      linux
[debug] [2020-04-01T09:03:40.428Z] Node Version:  v12.16.1
[debug] [2020-04-01T09:03:40.428Z] Time:          Wed Apr 01 2020 15:03:40 GMT+0600 (Bangladesh Standard Time)
[debug] [2020-04-01T09:03:40.429Z] ----------------------------------------------------------------------
[debug] [2020-04-01T09:03:40.429Z] 
[debug] [2020-04-01T09:03:40.435Z] > command requires scopes: ["email","openid","https://www.googleapis.com/auth/cloudplatformprojects.readonly","https://www.googleapis.com/auth/firebase","https://www.googleapis.com/auth/cloud-platform"]
[debug] [2020-04-01T09:03:40.436Z] > authorizing via signed-in user
[debug] [2020-04-01T09:03:40.436Z] [iam] checking project react-redux-c02aa for permissions ["cloudfunctions.functions.create","cloudfunctions.functions.delete","cloudfunctions.functions.get","cloudfunctions.functions.list","cloudfunctions.functions.update","cloudfunctions.operations.get","firebase.projects.get"]
[debug] [2020-04-01T09:03:40.439Z] >>> HTTP REQUEST POST https://cloudresourcemanager.googleapis.com/v1/projects/react-redux-c02aa:testIamPermissions  

[debug] [2020-04-01T09:03:55.648Z] <<< HTTP RESPONSE 200
[info] 
[info] === Deploying to 'react-redux-c02aa'...
[info] 
[info] i  deploying functions
[debug] [2020-04-01T09:04:02.170Z] > [functions] package.json contents: {
  "name": "functions",
  "description": "Cloud Functions for Firebase",
  "scripts": {
    "serve": "firebase emulators:start --only functions",
    "shell": "firebase functions:shell",
    "start": "npm run shell",
    "deploy": "firebase deploy --only functions",
    "logs": "firebase functions:log"
  },
  "engines": {
    "node": "8"
  },
  "dependencies": {
    "firebase-admin": "^8.6.0",
    "firebase-functions": "^3.3.0"
  },
  "devDependencies": {
    "firebase-functions-test": "^0.1.6"
  },
  "private": true
}
[info] i  functions: ensuring necessary APIs are enabled...
[debug] [2020-04-01T09:04:02.173Z] >>> HTTP REQUEST GET https://serviceusage.googleapis.com/v1/projects/react-redux-c02aa/services/cloudfunctions.googleapis.com  
 
[debug] [2020-04-01T09:04:02.175Z] >>> HTTP REQUEST GET https://serviceusage.googleapis.com/v1/projects/react-redux-c02aa/services/runtimeconfig.googleapis.com  
 
[debug] [2020-04-01T09:04:04.188Z] <<< HTTP RESPONSE 200
[debug] [2020-04-01T09:04:04.328Z] <<< HTTP RESPONSE 200
[info] ✔  functions: all necessary APIs are enabled
[debug] [2020-04-01T09:04:04.330Z] >>> HTTP REQUEST GET https://firebase.googleapis.com/v1beta1/projects/react-redux-c02aa/adminSdkConfig  
 
[debug] [2020-04-01T09:04:04.886Z] <<< HTTP RESPONSE 200
[info] i  functions: preparing functions directory for uploading...
[debug] [2020-04-01T09:04:04.893Z] >>> HTTP REQUEST GET https://runtimeconfig.googleapis.com/v1beta1/projects/react-redux-c02aa/configs  
 
[debug] [2020-04-01T09:04:05.851Z] <<< HTTP RESPONSE 200
[info] i  functions: packaged functions (26.94 KB) for uploading
[debug] [2020-04-01T09:04:06.010Z] >>> HTTP REQUEST POST https://cloudfunctions.googleapis.com/v1/projects/react-redux-c02aa/locations/us-central1/functions:generateUploadUrl  
 
[debug] [2020-04-01T09:04:11.177Z] <<< HTTP RESPONSE 200
[debug] [2020-04-01T09:04:11.179Z] >>> HTTP REQUEST PUT https://storage.googleapis.com/gcf-upload-us-central1-18f621c7-bd4c-469d-9abe-a51e19a198eb/8bd3f491-e748-4759-8b55-34a09c9cf7d9.zip?GoogleAccessId=service-662703363063@gcf-admin-robot.iam.gserviceaccount.com&Expires=1585733650&Signature=RWWcU1A0HB2PGcctNb5TkvQfJANILcYWXYj7D4%2FBUFKkx9rdKPwHxTE2omk4bsGYDZRFEwY9nhdDhn0KwXf61otwxeS3%2FGb1XBzly%2FvjJ46iqtlyYvPg9%2FqKK2%2B6nMdEZYKgHHHBSHviUliDnvyYUdQU8ZyctFb79%2F7tnV9ZYvCYsKuRV2MmDmOzO80%2B4L6vWPsc1CwHheBKEd31yD0lM8EpW6c9LKgNiNx6DpOBemtka1TbA6Z3fzlIRI7l4N7a6ge9z96ewwYq2zj2XtecV8jMTQr%2FgV3tnqZi6%2FQFO%2Ff30dbXnl0KBA8iRyRhAVArTnTA9dlBjf8st9sUyMSJ4Q%3D%3D  
 <request body omitted>
[warn] ⚠  functions: Upload Error: Server Error. Client network socket disconnected before secure TLS connection was established
[debug] [2020-04-01T09:05:00.949Z] Error: Client network socket disconnected before secure TLS connection was established
    at connResetException (internal/errors.js:604:14)
    at TLSSocket.onConnectEnd (_tls_wrap.js:1513:19)
    at Object.onceWrapper (events.js:417:28)
    at TLSSocket.emit (events.js:323:22)
    at TLSSocket.EventEmitter.emit (domain.js:482:12)
    at endReadableNT (_stream_readable.js:1204:12)
    at processTicksAndRejections (internal/process/task_queues.js:84:21)
[error] 
[error] Error: Server Error. Client network socket disconnected before secure TLS connection was established
[debug] [2020-04-01T09:07:06.342Z] ----------------------------------------------------------------------
[debug] [2020-04-01T09:07:06.344Z] Command:       /usr/local/bin/node /usr/local/bin/firebase deploy --only functions
[debug] [2020-04-01T09:07:06.344Z] CLI Version:   7.16.1
[debug] [2020-04-01T09:07:06.344Z] Platform:      linux
[debug] [2020-04-01T09:07:06.344Z] Node Version:  v12.16.1
[debug] [2020-04-01T09:07:06.345Z] Time:          Wed Apr 01 2020 15:07:06 GMT+0600 (Bangladesh Standard Time)
[debug] [2020-04-01T09:07:06.345Z] ----------------------------------------------------------------------
[debug] [2020-04-01T09:07:06.345Z] 
[debug] [2020-04-01T09:07:06.351Z] > command requires scopes: ["email","openid","https://www.googleapis.com/auth/cloudplatformprojects.readonly","https://www.googleapis.com/auth/firebase","https://www.googleapis.com/auth/cloud-platform"]
[debug] [2020-04-01T09:07:06.351Z] > authorizing via signed-in user
[debug] [2020-04-01T09:07:06.351Z] [iam] checking project react-redux-c02aa for permissions ["cloudfunctions.functions.create","cloudfunctions.functions.delete","cloudfunctions.functions.get","cloudfunctions.functions.list","cloudfunctions.functions.update","cloudfunctions.operations.get","firebase.projects.get"]
[debug] [2020-04-01T09:07:06.354Z] >>> HTTP REQUEST POST https://cloudresourcemanager.googleapis.com/v1/projects/react-redux-c02aa:testIamPermissions  

[debug] [2020-04-01T09:07:08.643Z] <<< HTTP RESPONSE 200
[info] 
[info] === Deploying to 'react-redux-c02aa'...
[info] 
[info] i  deploying functions
[debug] [2020-04-01T09:07:11.301Z] > [functions] package.json contents: {
  "name": "functions",
  "description": "Cloud Functions for Firebase",
  "scripts": {
    "serve": "firebase emulators:start --only functions",
    "shell": "firebase functions:shell",
    "start": "npm run shell",
    "deploy": "firebase deploy --only functions",
    "logs": "firebase functions:log"
  },
  "engines": {
    "node": "8"
  },
  "dependencies": {
    "firebase-admin": "^8.6.0",
    "firebase-functions": "^3.3.0"
  },
  "devDependencies": {
    "firebase-functions-test": "^0.1.6"
  },
  "private": true
}
[info] i  functions: ensuring necessary APIs are enabled...
[debug] [2020-04-01T09:07:11.302Z] >>> HTTP REQUEST GET https://serviceusage.googleapis.com/v1/projects/react-redux-c02aa/services/cloudfunctions.googleapis.com  
 
[debug] [2020-04-01T09:07:11.303Z] >>> HTTP REQUEST GET https://serviceusage.googleapis.com/v1/projects/react-redux-c02aa/services/runtimeconfig.googleapis.com  
 
[debug] [2020-04-01T09:07:14.097Z] <<< HTTP RESPONSE 200
[debug] [2020-04-01T09:07:14.555Z] <<< HTTP RESPONSE 200
[info] ✔  functions: all necessary APIs are enabled
[debug] [2020-04-01T09:07:14.557Z] >>> HTTP REQUEST GET https://firebase.googleapis.com/v1beta1/projects/react-redux-c02aa/adminSdkConfig  
 
[debug] [2020-04-01T09:07:16.051Z] <<< HTTP RESPONSE 200
[info] i  functions: preparing functions directory for uploading...
[debug] [2020-04-01T09:07:16.059Z] >>> HTTP REQUEST GET https://runtimeconfig.googleapis.com/v1beta1/projects/react-redux-c02aa/configs  
 
[debug] [2020-04-01T09:07:18.703Z] <<< HTTP RESPONSE 200
[info] i  functions: packaged functions (26.94 KB) for uploading
[debug] [2020-04-01T09:07:18.854Z] >>> HTTP REQUEST POST https://cloudfunctions.googleapis.com/v1/projects/react-redux-c02aa/locations/us-central1/functions:generateUploadUrl  
 
[debug] [2020-04-01T09:07:20.932Z] <<< HTTP RESPONSE 200
[debug] [2020-04-01T09:07:20.933Z] >>> HTTP REQUEST PUT https://storage.googleapis.com/gcf-upload-us-central1-18f621c7-bd4c-469d-9abe-a51e19a198eb/bc1077cb-cea4-4c99-8c73-24f054105d48.zip?GoogleAccessId=service-662703363063@gcf-admin-robot.iam.gserviceaccount.com&Expires=1585733840&Signature=iDT%2BRO9pcFaXsDaoaEVK9XuZU9lePfyq5u9eSDZK2P56LF7k9G9r2a7M7X27E5r56XB8OB4MkPWVAdw5Fs8BhUBXMLuYkgWBbo7kxwFS%2Fwg%2BdGCBaZFChfQ48ryhUsJq1Nl7wVZ3DDsfP%2FtXw78HB27j9Iz4R9A6uFnvmn2eu4NuvzdvMEFLp39wtGobDvEYbU9NuzPgWRZh1V7cxPgxY0NgvQiTxmkv9U1qnl8%2BY1NjINYP2%2FGpmo6wxWZGDaHbE%2BEGcnm48XlZe7VhiZxCBXeGnsBNAWbrZJEs7kWg6sgv0gnFnF7Dp2zpHrn%2BZvtnvJWyFS%2FFYTyWcpSVimX%2BwQ%3D%3D  
 <request body omitted>
[warn] ⚠  functions: Upload Error: Server Error. read ECONNRESET
[debug] [2020-04-01T09:07:59.806Z] Error: read ECONNRESET
    at TLSWrap.onStreamRead (internal/stream_base_commons.js:205:27)
[error] 
[error] Error: Server Error. read ECONNRESET
[debug] [2020-04-01T09:09:50.788Z] ----------------------------------------------------------------------
[debug] [2020-04-01T09:09:50.793Z] Command:       /usr/local/bin/node /usr/local/bin/firebase deploy --only functions
[debug] [2020-04-01T09:09:50.793Z] CLI Version:   7.16.1
[debug] [2020-04-01T09:09:50.793Z] Platform:      linux
[debug] [2020-04-01T09:09:50.793Z] Node Version:  v12.16.1
[debug] [2020-04-01T09:09:50.794Z] Time:          Wed Apr 01 2020 15:09:50 GMT+0600 (Bangladesh Standard Time)
[debug] [2020-04-01T09:09:50.794Z] ----------------------------------------------------------------------
[debug] [2020-04-01T09:09:50.794Z] 
[debug] [2020-04-01T09:09:50.806Z] > command requires scopes: ["email","openid","https://www.googleapis.com/auth/cloudplatformprojects.readonly","https://www.googleapis.com/auth/firebase","https://www.googleapis.com/auth/cloud-platform"]
[debug] [2020-04-01T09:09:50.806Z] > authorizing via signed-in user
[debug] [2020-04-01T09:09:50.807Z] [iam] checking project react-redux-c02aa for permissions ["cloudfunctions.functions.create","cloudfunctions.functions.delete","cloudfunctions.functions.get","cloudfunctions.functions.list","cloudfunctions.functions.update","cloudfunctions.operations.get","firebase.projects.get"]
[debug] [2020-04-01T09:09:50.809Z] >>> HTTP REQUEST POST https://cloudresourcemanager.googleapis.com/v1/projects/react-redux-c02aa:testIamPermissions  

[debug] [2020-04-01T09:09:52.865Z] <<< HTTP RESPONSE 200
[info] 
[info] === Deploying to 'react-redux-c02aa'...
[info] 
[info] i  deploying functions
[debug] [2020-04-01T09:09:56.356Z] > [functions] package.json contents: {
  "name": "functions",
  "description": "Cloud Functions for Firebase",
  "scripts": {
    "serve": "firebase emulators:start --only functions",
    "shell": "firebase functions:shell",
    "start": "npm run shell",
    "deploy": "firebase deploy --only functions",
    "logs": "firebase functions:log"
  },
  "engines": {
    "node": "8"
  },
  "dependencies": {
    "firebase-admin": "^8.6.0",
    "firebase-functions": "^3.3.0"
  },
  "devDependencies": {
    "firebase-functions-test": "^0.1.6"
  },
  "private": true
}
[info] i  functions: ensuring necessary APIs are enabled...
[debug] [2020-04-01T09:09:56.357Z] >>> HTTP REQUEST GET https://serviceusage.googleapis.com/v1/projects/react-redux-c02aa/services/cloudfunctions.googleapis.com  
 
[debug] [2020-04-01T09:09:56.357Z] >>> HTTP REQUEST GET https://serviceusage.googleapis.com/v1/projects/react-redux-c02aa/services/runtimeconfig.googleapis.com  
 
[debug] [2020-04-01T09:10:02.122Z] <<< HTTP RESPONSE 200
[debug] [2020-04-01T09:10:02.937Z] <<< HTTP RESPONSE 200
[info] ✔  functions: all necessary APIs are enabled
[debug] [2020-04-01T09:10:02.940Z] >>> HTTP REQUEST GET https://firebase.googleapis.com/v1beta1/projects/react-redux-c02aa/adminSdkConfig  
 
[debug] [2020-04-01T09:10:04.370Z] <<< HTTP RESPONSE 200
[info] i  functions: preparing functions directory for uploading...
[debug] [2020-04-01T09:10:04.377Z] >>> HTTP REQUEST GET https://runtimeconfig.googleapis.com/v1beta1/projects/react-redux-c02aa/configs  
 
[debug] [2020-04-01T09:10:06.773Z] <<< HTTP RESPONSE 200
[info] i  functions: packaged functions (26.94 KB) for uploading
[debug] [2020-04-01T09:10:06.932Z] >>> HTTP REQUEST POST https://cloudfunctions.googleapis.com/v1/projects/react-redux-c02aa/locations/us-central1/functions:generateUploadUrl  
 
[debug] [2020-04-01T09:10:08.946Z] <<< HTTP RESPONSE 200
[debug] [2020-04-01T09:10:08.949Z] >>> HTTP REQUEST PUT https://storage.googleapis.com/gcf-upload-us-central1-18f621c7-bd4c-469d-9abe-a51e19a198eb/872ea17e-9c83-4bb0-af23-5502b97e6be2.zip?GoogleAccessId=service-662703363063@gcf-admin-robot.iam.gserviceaccount.com&Expires=1585734008&Signature=KgD7kxtTgfzbmpO4B8JmybxJiIA6dSof1kNS%2BOI8tcgF4NNUbz4MiYTgd7im1Dsjl9h1QAn77sQ91Gcij4Re2II0hU4VDgScvjrt2Hj2IGX%2F66GWD1ezPkhs8TLcQmbj8cGF4XvK35%2FMkclaEBvO7tk3yTDiidWmZfP%2FIGsjqsEmASb%2FfoUWLhZuDcJgaK2VSQShfhA3IsCwhOXwWdpIVkyenOl6zj04WW4HaXzM2WU5XKBZmkp8YY%2BEhPEZUDWk0gULtyTtwq2fJTdPpoj7LbSeIP%2Ft%2F4Ibj5xYYjMGEc57VAx5es5f8UIEICNzDVHLHzgT%2FgF0kh4uA9NfJ094LQ%3D%3D  
 <request body omitted>
[debug] [2020-04-01T09:10:24.053Z] ----------------------------------------------------------------------
[debug] [2020-04-01T09:10:24.055Z] Command:       /usr/local/bin/node /usr/local/bin/firebase deploy --only functions
[debug] [2020-04-01T09:10:24.055Z] CLI Version:   7.16.1
[debug] [2020-04-01T09:10:24.055Z] Platform:      linux
[debug] [2020-04-01T09:10:24.055Z] Node Version:  v12.16.1
[debug] [2020-04-01T09:10:24.056Z] Time:          Wed Apr 01 2020 15:10:24 GMT+0600 (Bangladesh Standard Time)
[debug] [2020-04-01T09:10:24.058Z] ----------------------------------------------------------------------
[debug] [2020-04-01T09:10:24.058Z] 
[debug] [2020-04-01T09:10:24.068Z] > command requires scopes: ["email","openid","https://www.googleapis.com/auth/cloudplatformprojects.readonly","https://www.googleapis.com/auth/firebase","https://www.googleapis.com/auth/cloud-platform"]
[debug] [2020-04-01T09:10:24.068Z] > authorizing via signed-in user
[debug] [2020-04-01T09:10:24.069Z] [iam] checking project react-redux-c02aa for permissions ["cloudfunctions.functions.create","cloudfunctions.functions.delete","cloudfunctions.functions.get","cloudfunctions.functions.list","cloudfunctions.functions.update","cloudfunctions.operations.get","firebase.projects.get"]
[debug] [2020-04-01T09:10:24.072Z] >>> HTTP REQUEST POST https://cloudresourcemanager.googleapis.com/v1/projects/react-redux-c02aa:testIamPermissions  

[debug] [2020-04-01T09:10:25.990Z] <<< HTTP RESPONSE 200
[info] 
[info] === Deploying to 'react-redux-c02aa'...
[info] 
[info] i  deploying functions
[debug] [2020-04-01T09:10:27.375Z] > [functions] package.json contents: {
  "name": "functions",
  "description": "Cloud Functions for Firebase",
  "scripts": {
    "serve": "firebase emulators:start --only functions",
    "shell": "firebase functions:shell",
    "start": "npm run shell",
    "deploy": "firebase deploy --only functions",
    "logs": "firebase functions:log"
  },
  "engines": {
    "node": "8"
  },
  "dependencies": {
    "firebase-admin": "^8.6.0",
    "firebase-functions": "^3.3.0"
  },
  "devDependencies": {
    "firebase-functions-test": "^0.1.6"
  },
  "private": true
}
[info] i  functions: ensuring necessary APIs are enabled...
[debug] [2020-04-01T09:10:27.376Z] >>> HTTP REQUEST GET https://serviceusage.googleapis.com/v1/projects/react-redux-c02aa/services/cloudfunctions.googleapis.com  
 
[debug] [2020-04-01T09:10:27.377Z] >>> HTTP REQUEST GET https://serviceusage.googleapis.com/v1/projects/react-redux-c02aa/services/runtimeconfig.googleapis.com  
 
[debug] [2020-04-01T09:10:29.369Z] <<< HTTP RESPONSE 200
[info] ✔  functions: all necessary APIs are enabled
[debug] [2020-04-01T09:10:29.599Z] <<< HTTP RESPONSE 200
[debug] [2020-04-01T09:10:29.601Z] >>> HTTP REQUEST GET https://firebase.googleapis.com/v1beta1/projects/react-redux-c02aa/adminSdkConfig  
 
[debug] [2020-04-01T09:10:30.014Z] <<< HTTP RESPONSE 200
[info] i  functions: preparing functions directory for uploading...
[debug] [2020-04-01T09:10:30.020Z] >>> HTTP REQUEST GET https://runtimeconfig.googleapis.com/v1beta1/projects/react-redux-c02aa/configs  
 
[debug] [2020-04-01T09:10:31.766Z] <<< HTTP RESPONSE 200
[info] i  functions: packaged functions (26.94 KB) for uploading
[debug] [2020-04-01T09:10:31.925Z] >>> HTTP REQUEST POST https://cloudfunctions.googleapis.com/v1/projects/react-redux-c02aa/locations/us-central1/functions:generateUploadUrl  
 
[debug] [2020-04-01T09:10:32.623Z] <<< HTTP RESPONSE 200
[debug] [2020-04-01T09:10:32.626Z] >>> HTTP REQUEST PUT https://storage.googleapis.com/gcf-upload-us-central1-18f621c7-bd4c-469d-9abe-a51e19a198eb/0f846763-9c78-47b4-a6db-fd1773369998.zip?GoogleAccessId=service-662703363063@gcf-admin-robot.iam.gserviceaccount.com&Expires=1585734032&Signature=NrztQeAEoALjjrfcAabOECTaMhIme9NHBiWVk%2Fn611VJAgEUboZyrRahT5MYbF81mE258l1CuNJk2ivwEHihX4Dj%2BVR7c30GcwzduBO%2FqgaGuv06mXX1PMiXvebww2ghf4zMtzhZBMjbRvi77x6op3XnVq2v1t7nv3RpES6AlNFGGTvGsb77jdfO2uzCJV9wI8%2FAPjTq%2FoBZFmgQR2IwRiTRGOD6%2FavPAYtRcrDQMyNK5vBhJ0HpoaUNzaoItXHbNompzFrGJiorv9TogHvvQbanN1QP81gIKFvICtNbcP87GDogeHyAJhRwrdXe%2BFCZNMGotkuiX6jZzC7aWthHSw%3D%3D  
 <request body omitted>
[warn] ⚠  functions: Upload Error: Server Error. read ECONNRESET
[debug] [2020-04-01T09:11:43.743Z] Error: read ECONNRESET
    at TLSWrap.onStreamRead (internal/stream_base_commons.js:205:27)
[error] 
[error] Error: Server Error. read ECONNRESET
[debug] [2020-04-01T09:12:22.227Z] ----------------------------------------------------------------------
[debug] [2020-04-01T09:12:22.230Z] Command:       /usr/local/bin/node /usr/local/bin/firebase deploy --only functions
[debug] [2020-04-01T09:12:22.230Z] CLI Version:   7.16.1
[debug] [2020-04-01T09:12:22.230Z] Platform:      linux
[debug] [2020-04-01T09:12:22.230Z] Node Version:  v12.16.1
[debug] [2020-04-01T09:12:22.230Z] Time:          Wed Apr 01 2020 15:12:22 GMT+0600 (Bangladesh Standard Time)
[debug] [2020-04-01T09:12:22.230Z] ----------------------------------------------------------------------
[debug] [2020-04-01T09:12:22.230Z] 
[debug] [2020-04-01T09:12:22.237Z] > command requires scopes: ["email","openid","https://www.googleapis.com/auth/cloudplatformprojects.readonly","https://www.googleapis.com/auth/firebase","https://www.googleapis.com/auth/cloud-platform"]
[debug] [2020-04-01T09:12:22.237Z] > authorizing via signed-in user
[debug] [2020-04-01T09:12:22.237Z] [iam] checking project react-redux-c02aa for permissions ["cloudfunctions.functions.create","cloudfunctions.functions.delete","cloudfunctions.functions.get","cloudfunctions.functions.list","cloudfunctions.functions.update","cloudfunctions.operations.get","firebase.projects.get"]
[debug] [2020-04-01T09:12:22.240Z] >>> HTTP REQUEST POST https://cloudresourcemanager.googleapis.com/v1/projects/react-redux-c02aa:testIamPermissions  

[debug] [2020-04-01T09:12:23.857Z] <<< HTTP RESPONSE 200
[info] 
[info] === Deploying to 'react-redux-c02aa'...
[info] 
[info] i  deploying functions
[debug] [2020-04-01T09:12:25.170Z] > [functions] package.json contents: {
  "name": "functions",
  "description": "Cloud Functions for Firebase",
  "scripts": {
    "serve": "firebase emulators:start --only functions",
    "shell": "firebase functions:shell",
    "start": "npm run shell",
    "deploy": "firebase deploy --only functions",
    "logs": "firebase functions:log"
  },
  "engines": {
    "node": "8"
  },
  "dependencies": {
    "firebase-admin": "^8.6.0",
    "firebase-functions": "^3.3.0"
  },
  "devDependencies": {
    "firebase-functions-test": "^0.1.6"
  },
  "private": true
}
[info] i  functions: ensuring necessary APIs are enabled...
[debug] [2020-04-01T09:12:25.172Z] >>> HTTP REQUEST GET https://serviceusage.googleapis.com/v1/projects/react-redux-c02aa/services/cloudfunctions.googleapis.com  
 
[debug] [2020-04-01T09:12:25.173Z] >>> HTTP REQUEST GET https://serviceusage.googleapis.com/v1/projects/react-redux-c02aa/services/runtimeconfig.googleapis.com  
 
[debug] [2020-04-01T09:12:27.202Z] <<< HTTP RESPONSE 200
[debug] [2020-04-01T09:12:27.302Z] <<< HTTP RESPONSE 200
[info] ✔  functions: all necessary APIs are enabled
[debug] [2020-04-01T09:12:27.305Z] >>> HTTP REQUEST GET https://firebase.googleapis.com/v1beta1/projects/react-redux-c02aa/adminSdkConfig  
 
[debug] [2020-04-01T09:12:27.942Z] <<< HTTP RESPONSE 200
[info] i  functions: preparing functions directory for uploading...
[debug] [2020-04-01T09:12:27.949Z] >>> HTTP REQUEST GET https://runtimeconfig.googleapis.com/v1beta1/projects/react-redux-c02aa/configs  
 
[debug] [2020-04-01T09:12:29.943Z] <<< HTTP RESPONSE 200
[info] i  functions: packaged functions (26.94 KB) for uploading
[debug] [2020-04-01T09:12:30.102Z] >>> HTTP REQUEST POST https://cloudfunctions.googleapis.com/v1/projects/react-redux-c02aa/locations/us-central1/functions:generateUploadUrl  
 
[debug] [2020-04-01T09:12:30.930Z] <<< HTTP RESPONSE 200
[debug] [2020-04-01T09:12:30.932Z] >>> HTTP REQUEST PUT https://storage.googleapis.com/gcf-upload-us-central1-18f621c7-bd4c-469d-9abe-a51e19a198eb/18fc76a3-ff12-47f5-8f33-934777f75f47.zip?GoogleAccessId=service-662703363063@gcf-admin-robot.iam.gserviceaccount.com&Expires=1585734150&Signature=L1lxGwePzsPpLqildMHwlWrrd0mi8zwWcHQe5a5K4BoRcbcNOqz2PhqovTngAN64SvsOHpTPnXe7i8V4CMv%2BtGdPX23c1GBe0v2rY8%2FstmRlpYUR82zaelK8rGhPKKq5z8jJAgOCLVCQ0b1e2OMsWtNeR%2F7LwAuyAK2Pr9qcaezBf5XN1zcvg8CEmcU7PRRJFQLqXNnXeXoDBWuue5JGK2RQPQxc%2F2xoA6c8vQjd4gyZaY1Ti0fkM9%2F5W8Nl86dTv1hX30Ad48EjWUiEe6ssrOfTqBJpGFOP8%2B35dFWyOpuO42Z5R4fibhK1cqZJKOT9lcpgIfdL%2BkrWUVDHEvPGGQ%3D%3D  
 <request body omitted>
[warn] ⚠  functions: Upload Error: Server Error. Client network socket disconnected before secure TLS connection was established
[debug] [2020-04-01T09:13:15.859Z] Error: Client network socket disconnected before secure TLS connection was established
    at connResetException (internal/errors.js:604:14)
    at TLSSocket.onConnectEnd (_tls_wrap.js:1513:19)
    at Object.onceWrapper (events.js:417:28)
    at TLSSocket.emit (events.js:323:22)
    at TLSSocket.EventEmitter.emit (domain.js:482:12)
    at endReadableNT (_stream_readable.js:1204:12)
    at processTicksAndRejections (internal/process/task_queues.js:84:21)
[error] 
[error] Error: Server Error. Client network socket disconnected before secure TLS connection was established
